# JRE version: OpenJDK Runtime Environment (11.0.4+11) (build 11.0.4+11-post-Ubuntu-1ubuntu218.04.3)
# Java VM: OpenJDK 64-Bit Server VM (11.0.4+11-post-Ubuntu-1ubuntu218.04.3, mixed mode, sharing, tiered, compressed oops, serial gc, linux-amd64)
Heap:
 def new generation   total 158976K, used 17599K [0x00000000c0000000, 0x00000000cac70000, 0x00000000d5550000)
  eden space 141376K,  12% used [0x00000000c0000000, 0x00000000c112fff8, 0x00000000c8a10000)
  from space 17600K,   0% used [0x00000000c8a10000, 0x00000000c8a10000, 0x00000000c9b40000)
  to   space 17600K,   0% used [0x00000000c9b40000, 0x00000000c9b40000, 0x00000000cac70000)
 tenured generation   total 360404K, used 360257K [0x00000000d5550000, 0x00000000eb545000, 0x0000000100000000)
   the space 360404K,  99% used [0x00000000d5550000, 0x00000000eb520518, 0x00000000eb520600, 0x00000000eb545000)
 Metaspace       used 1779K, capacity 4867K, committed 5120K, reserved 1056768K
  class space    used 131K, capacity 442K, committed 512K, reserved 1048576K
GC Heap History (10 events):
Event: 2.167 GC heap after
{Heap after GC invocations=12 (full 5):
 def new generation   total 88128K, used 5308K [0x00000000c0000000, 0x00000000c5f90000, 0x00000000d5550000)
  eden space 78400K,   6% used [0x00000000c0000000, 0x00000000c052f148, 0x00000000c4c90000)
  from space 9728K,   0% used [0x00000000c4c90000, 0x00000000c4c90000, 0x00000000c5610000)
  to   space 9728K,   0% used [0x00000000c5610000, 0x00000000c5610000, 0x00000000c5f90000)
 tenured generation   total 195628K, used 117375K [0x00000000d5550000, 0x00000000e145b000, 0x0000000100000000)
   the space 195628K,  59% used [0x00000000d5550000, 0x00000000dc7effe0, 0x00000000dc7f0000, 0x00000000e145b000)
 Metaspace       used 1414K, capacity 4709K, committed 4864K, reserved 1056768K
  class space    used 110K, capacity 436K, committed 512K, reserved 1048576K
}
Event: 2.329 GC heap before
{Heap before GC invocations=12 (full 5):
 def new generation   total 88128K, used 75808K [0x00000000c0000000, 0x00000000c5f90000, 0x00000000d5550000)
  eden space 78400K,  96% used [0x00000000c0000000, 0x00000000c4a083e8, 0x00000000c4c90000)
  from space 9728K,   0% used [0x00000000c4c90000, 0x00000000c4c90000, 0x00000000c5610000)
  to   space 9728K,   0% used [0x00000000c5610000, 0x00000000c5610000, 0x00000000c5f90000)
 tenured generation   total 195628K, used 117375K [0x00000000d5550000, 0x00000000e145b000, 0x0000000100000000)
   the space 195628K,  59% used [0x00000000d5550000, 0x00000000dc7effe0, 0x00000000dc7f0000, 0x00000000e145b000)
 Metaspace       used 1414K, capacity 4709K, committed 4864K, reserved 1056768K
  class space    used 110K, capacity 436K, committed 512K, reserved 1048576K
}
Event: 2.515 GC heap after
{Heap after GC invocations=13 (full 5):
 def new generation   total 88128K, used 9728K [0x00000000c0000000, 0x00000000c5f90000, 0x00000000d5550000)
  eden space 78400K,   0% used [0x00000000c0000000, 0x00000000c0000000, 0x00000000c4c90000)
  from space 9728K, 100% used [0x00000000c5610000, 0x00000000c5f90000, 0x00000000c5f90000)
  to   space 9728K,   0% used [0x00000000c4c90000, 0x00000000c4c90000, 0x00000000c5610000)
 tenured generation   total 195628K, used 160830K [0x00000000d5550000, 0x00000000e145b000, 0x0000000100000000)
   the space 195628K,  82% used [0x00000000d5550000, 0x00000000df25f948, 0x00000000df25fa00, 0x00000000e145b000)
 Metaspace       used 1414K, capacity 4709K, committed 4864K, reserved 1056768K
  class space    used 110K, capacity 436K, committed 512K, reserved 1048576K
}
Event: 3.364 GC heap before
{Heap before GC invocations=13 (full 5):
 def new generation   total 88128K, used 88128K [0x00000000c0000000, 0x00000000c5f90000, 0x00000000d5550000)
  eden space 78400K, 100% used [0x00000000c0000000, 0x00000000c4c90000, 0x00000000c4c90000)
  from space 9728K, 100% used [0x00000000c5610000, 0x00000000c5f90000, 0x00000000c5f90000)
  to   space 9728K,   0% used [0x00000000c4c90000, 0x00000000c4c90000, 0x00000000c5610000)
 tenured generation   total 195628K, used 160830K [0x00000000d5550000, 0x00000000e145b000, 0x0000000100000000)
   the space 195628K,  82% used [0x00000000d5550000, 0x00000000df25f948, 0x00000000df25fa00, 0x00000000e145b000)
 Metaspace       used 1468K, capacity 4733K, committed 4864K, reserved 1056768K
  class space    used 115K, capacity 440K, committed 512K, reserved 1048576K
}
Event: 3.481 GC heap after
{Heap after GC invocations=14 (full 5):
 def new generation   total 88128K, used 9728K [0x00000000c0000000, 0x00000000c5f90000, 0x00000000d5550000)
  eden space 78400K,   0% used [0x00000000c0000000, 0x00000000c0000000, 0x00000000c4c90000)
  from space 9728K, 100% used [0x00000000c4c90000, 0x00000000c5610000, 0x00000000c5610000)
  to   space 9728K,   0% used [0x00000000c5610000, 0x00000000c5610000, 0x00000000c5f90000)
 tenured generation   total 195628K, used 187875K [0x00000000d5550000, 0x00000000e145b000, 0x0000000100000000)
   the space 195628K,  96% used [0x00000000d5550000, 0x00000000e0cc8d90, 0x00000000e0cc8e00, 0x00000000e145b000)
 Metaspace       used 1468K, capacity 4733K, committed 4864K, reserved 1056768K
  class space    used 115K, capacity 440K, committed 512K, reserved 1048576K
}
Event: 4.063 GC heap before
{Heap before GC invocations=14 (full 5):
 def new generation   total 88128K, used 88128K [0x00000000c0000000, 0x00000000c5f90000, 0x00000000d5550000)
  eden space 78400K, 100% used [0x00000000c0000000, 0x00000000c4c90000, 0x00000000c4c90000)
  from space 9728K, 100% used [0x00000000c4c90000, 0x00000000c5610000, 0x00000000c5610000)
  to   space 9728K,   0% used [0x00000000c5610000, 0x00000000c5610000, 0x00000000c5f90000)
 tenured generation   total 195628K, used 187875K [0x00000000d5550000, 0x00000000e145b000, 0x0000000100000000)
   the space 195628K,  96% used [0x00000000d5550000, 0x00000000e0cc8d90, 0x00000000e0cc8e00, 0x00000000e145b000)
 Metaspace       used 1521K, capacity 4733K, committed 4864K, reserved 1056768K
  class space    used 115K, capacity 440K, committed 512K, reserved 1048576K
}
Event: 4.972 GC heap after
{Heap after GC invocations=15 (full 6):
 def new generation   total 158976K, used 0K [0x00000000c0000000, 0x00000000cac70000, 0x00000000d5550000)
  eden space 141376K,   0% used [0x00000000c0000000, 0x00000000c0000000, 0x00000000c8a10000)
  from space 17600K,   0% used [0x00000000c8a10000, 0x00000000c8a10000, 0x00000000c9b40000)
  to   space 17600K,   0% used [0x00000000c9b40000, 0x00000000c9b40000, 0x00000000cac70000)
 tenured generation   total 353108K, used 211863K [0x00000000d5550000, 0x00000000eae25000, 0x0000000100000000)
   the space 353108K,  59% used [0x00000000d5550000, 0x00000000e2435d08, 0x00000000e2435e00, 0x00000000eae25000)
 Metaspace       used 1521K, capacity 4733K, committed 4864K, reserved 1056768K
  class space    used 115K, capacity 440K, committed 512K, reserved 1048576K
}
Event: 11.060 GC heap before
{Heap before GC invocations=15 (full 6):
 def new generation   total 158976K, used 141376K [0x00000000c0000000, 0x00000000cac70000, 0x00000000d5550000)
  eden space 141376K, 100% used [0x00000000c0000000, 0x00000000c8a10000, 0x00000000c8a10000)
  from space 17600K,   0% used [0x00000000c8a10000, 0x00000000c8a10000, 0x00000000c9b40000)
  to   space 17600K,   0% used [0x00000000c9b40000, 0x00000000c9b40000, 0x00000000cac70000)
 tenured generation   total 353108K, used 211863K [0x00000000d5550000, 0x00000000eae25000, 0x0000000100000000)
   the space 353108K,  59% used [0x00000000d5550000, 0x00000000e2435d08, 0x00000000e2435e00, 0x00000000eae25000)
 Metaspace       used 1779K, capacity 4867K, committed 5120K, reserved 1056768K
  class space    used 131K, capacity 442K, committed 512K, reserved 1048576K
}
Event: 11.330 GC heap after
{Heap after GC invocations=16 (full 6):
 def new generation   total 158976K, used 17599K [0x00000000c0000000, 0x00000000cac70000, 0x00000000d5550000)
  eden space 141376K,   0% used [0x00000000c0000000, 0x00000000c0000000, 0x00000000c8a10000)
  from space 17600K,  99% used [0x00000000c9b40000, 0x00000000cac6fff0, 0x00000000cac70000)
  to   space 17600K,   0% used [0x00000000c8a10000, 0x00000000c8a10000, 0x00000000c9b40000)
 tenured generation   total 353108K, used 273932K [0x00000000d5550000, 0x00000000eae25000, 0x0000000100000000)
   the space 353108K,  77% used [0x00000000d5550000, 0x00000000e60d33c0, 0x00000000e60d3400, 0x00000000eae25000)
 Metaspace       used 1779K, capacity 4867K, committed 5120K, reserved 1056768K
  class space    used 131K, capacity 442K, committed 512K, reserved 1048576K
}
Event: 11.627 GC heap before
{Heap before GC invocations=16 (full 6):
 def new generation   total 158976K, used 154529K [0x00000000c0000000, 0x00000000cac70000, 0x00000000d5550000)
  eden space 141376K,  96% used [0x00000000c0000000, 0x00000000c85b8670, 0x00000000c8a10000)
  from space 17600K,  99% used [0x00000000c9b40000, 0x00000000cac6fff0, 0x00000000cac70000)
  to   space 17600K,   0% used [0x00000000c8a10000, 0x00000000c8a10000, 0x00000000c9b40000)
 tenured generation   total 353108K, used 273932K [0x00000000d5550000, 0x00000000eae25000, 0x0000000100000000)
   the space 353108K,  77% used [0x00000000d5550000, 0x00000000e60d33c0, 0x00000000e60d3400, 0x00000000eae25000)
 Metaspace       used 1779K, capacity 4867K, committed 5120K, reserved 1056768K
  class space    used 131K, capacity 442K, committed 512K, reserved 1048576K
}

