# JRE version: OpenJDK Runtime Environment (11.0.4+11) (build 11.0.4+11-post-Ubuntu-1ubuntu218.04.3)
# Java VM: OpenJDK 64-Bit Server VM (11.0.4+11-post-Ubuntu-1ubuntu218.04.3, mixed mode, sharing, tiered, compressed oops, serial gc, linux-amd64)
Heap:
 def new generation   total 113280K, used 3933K [0x00000000c0000000, 0x00000000c7ae0000, 0x00000000d5550000)
  eden space 100736K,   3% used [0x00000000c0000000, 0x00000000c03d74a8, 0x00000000c6260000)
  from space 12544K,   0% used [0x00000000c6ea0000, 0x00000000c6ea0000, 0x00000000c7ae0000)
  to   space 12544K,   0% used [0x00000000c6260000, 0x00000000c6260000, 0x00000000c6ea0000)
 tenured generation   total 278304K, used 277364K [0x00000000d5550000, 0x00000000e6518000, 0x0000000100000000)
   the space 278304K,  99% used [0x00000000d5550000, 0x00000000e642d2c8, 0x00000000e642d400, 0x00000000e6518000)
 Metaspace       used 1781K, capacity 4867K, committed 5120K, reserved 1056768K
  class space    used 131K, capacity 442K, committed 512K, reserved 1048576K
GC Heap History (10 events):
Event: 1.926 GC heap after
{Heap after GC invocations=9 (full 3):
 def new generation   total 63488K, used 3967K [0x00000000c0000000, 0x00000000c44e0000, 0x00000000d5550000)
  eden space 56448K,   7% used [0x00000000c0000000, 0x00000000c03dfff0, 0x00000000c3720000)
  from space 7040K,   0% used [0x00000000c3720000, 0x00000000c3720000, 0x00000000c3e00000)
  to   space 7040K,   0% used [0x00000000c3e00000, 0x00000000c3e00000, 0x00000000c44e0000)
 tenured generation   total 140984K, used 84589K [0x00000000d5550000, 0x00000000ddefe000, 0x0000000100000000)
   the space 140984K,  59% used [0x00000000d5550000, 0x00000000da7eb710, 0x00000000da7eb800, 0x00000000ddefe000)
 Metaspace       used 1416K, capacity 4709K, committed 4864K, reserved 1056768K
  class space    used 110K, capacity 436K, committed 512K, reserved 1048576K
}
Event: 2.056 GC heap before
{Heap before GC invocations=9 (full 3):
 def new generation   total 63488K, used 56448K [0x00000000c0000000, 0x00000000c44e0000, 0x00000000d5550000)
  eden space 56448K, 100% used [0x00000000c0000000, 0x00000000c3720000, 0x00000000c3720000)
  from space 7040K,   0% used [0x00000000c3720000, 0x00000000c3720000, 0x00000000c3e00000)
  to   space 7040K,   0% used [0x00000000c3e00000, 0x00000000c3e00000, 0x00000000c44e0000)
 tenured generation   total 140984K, used 84589K [0x00000000d5550000, 0x00000000ddefe000, 0x0000000100000000)
   the space 140984K,  59% used [0x00000000d5550000, 0x00000000da7eb710, 0x00000000da7eb800, 0x00000000ddefe000)
 Metaspace       used 1416K, capacity 4709K, committed 4864K, reserved 1056768K
  class space    used 110K, capacity 436K, committed 512K, reserved 1048576K
}
Event: 2.221 GC heap after
{Heap after GC invocations=10 (full 3):
 def new generation   total 63488K, used 7039K [0x00000000c0000000, 0x00000000c44e0000, 0x00000000d5550000)
  eden space 56448K,   0% used [0x00000000c0000000, 0x00000000c0000000, 0x00000000c3720000)
  from space 7040K,  99% used [0x00000000c3e00000, 0x00000000c44dfff8, 0x00000000c44e0000)
  to   space 7040K,   0% used [0x00000000c3720000, 0x00000000c3720000, 0x00000000c3e00000)
 tenured generation   total 140984K, used 115882K [0x00000000d5550000, 0x00000000ddefe000, 0x0000000100000000)
   the space 140984K,  82% used [0x00000000d5550000, 0x00000000dc67a8d0, 0x00000000dc67aa00, 0x00000000ddefe000)
 Metaspace       used 1416K, capacity 4709K, committed 4864K, reserved 1056768K
  class space    used 110K, capacity 436K, committed 512K, reserved 1048576K
}
Event: 2.352 GC heap before
{Heap before GC invocations=10 (full 3):
 def new generation   total 63488K, used 63487K [0x00000000c0000000, 0x00000000c44e0000, 0x00000000d5550000)
  eden space 56448K, 100% used [0x00000000c0000000, 0x00000000c3720000, 0x00000000c3720000)
  from space 7040K,  99% used [0x00000000c3e00000, 0x00000000c44dfff8, 0x00000000c44e0000)
  to   space 7040K,   0% used [0x00000000c3720000, 0x00000000c3720000, 0x00000000c3e00000)
 tenured generation   total 140984K, used 115882K [0x00000000d5550000, 0x00000000ddefe000, 0x0000000100000000)
   the space 140984K,  82% used [0x00000000d5550000, 0x00000000dc67a8d0, 0x00000000dc67aa00, 0x00000000ddefe000)
 Metaspace       used 1416K, capacity 4709K, committed 4864K, reserved 1056768K
  class space    used 110K, capacity 436K, committed 512K, reserved 1048576K
}
Event: 2.833 GC heap after
{Heap after GC invocations=11 (full 4):
 def new generation   total 113280K, used 1648K [0x00000000c0000000, 0x00000000c7ae0000, 0x00000000d5550000)
  eden space 100736K,   1% used [0x00000000c0000000, 0x00000000c019c0c8, 0x00000000c6260000)
  from space 12544K,   0% used [0x00000000c6260000, 0x00000000c6260000, 0x00000000c6ea0000)
  to   space 12544K,   0% used [0x00000000c6ea0000, 0x00000000c6ea0000, 0x00000000c7ae0000)
 tenured generation   total 251616K, used 150967K [0x00000000d5550000, 0x00000000e4b08000, 0x0000000100000000)
   the space 251616K,  59% used [0x00000000d5550000, 0x00000000de8bdff8, 0x00000000de8be000, 0x00000000e4b08000)
 Metaspace       used 1416K, capacity 4709K, committed 4864K, reserved 1056768K
  class space    used 110K, capacity 436K, committed 512K, reserved 1048576K
}
Event: 3.734 GC heap before
{Heap before GC invocations=11 (full 4):
 def new generation   total 113280K, used 100736K [0x00000000c0000000, 0x00000000c7ae0000, 0x00000000d5550000)
  eden space 100736K, 100% used [0x00000000c0000000, 0x00000000c6260000, 0x00000000c6260000)
  from space 12544K,   0% used [0x00000000c6260000, 0x00000000c6260000, 0x00000000c6ea0000)
  to   space 12544K,   0% used [0x00000000c6ea0000, 0x00000000c6ea0000, 0x00000000c7ae0000)
 tenured generation   total 251616K, used 150967K [0x00000000d5550000, 0x00000000e4b08000, 0x0000000100000000)
   the space 251616K,  59% used [0x00000000d5550000, 0x00000000de8bdff8, 0x00000000de8be000, 0x00000000e4b08000)
 Metaspace       used 1470K, capacity 4733K, committed 4864K, reserved 1056768K
  class space    used 115K, capacity 440K, committed 512K, reserved 1048576K
}
Event: 3.949 GC heap after
{Heap after GC invocations=12 (full 4):
 def new generation   total 113280K, used 12544K [0x00000000c0000000, 0x00000000c7ae0000, 0x00000000d5550000)
  eden space 100736K,   0% used [0x00000000c0000000, 0x00000000c0000000, 0x00000000c6260000)
  from space 12544K, 100% used [0x00000000c6ea0000, 0x00000000c7ae0000, 0x00000000c7ae0000)
  to   space 12544K,   0% used [0x00000000c6260000, 0x00000000c6260000, 0x00000000c6ea0000)
 tenured generation   total 251616K, used 181792K [0x00000000d5550000, 0x00000000e4b08000, 0x0000000100000000)
   the space 251616K,  72% used [0x00000000d5550000, 0x00000000e06d80d0, 0x00000000e06d8200, 0x00000000e4b08000)
 Metaspace       used 1470K, capacity 4733K, committed 4864K, reserved 1056768K
  class space    used 115K, capacity 440K, committed 512K, reserved 1048576K
}
Event: 10.151 GC heap before
{Heap before GC invocations=12 (full 4):
 def new generation   total 113280K, used 113280K [0x00000000c0000000, 0x00000000c7ae0000, 0x00000000d5550000)
  eden space 100736K, 100% used [0x00000000c0000000, 0x00000000c6260000, 0x00000000c6260000)
  from space 12544K, 100% used [0x00000000c6ea0000, 0x00000000c7ae0000, 0x00000000c7ae0000)
  to   space 12544K,   0% used [0x00000000c6260000, 0x00000000c6260000, 0x00000000c6ea0000)
 tenured generation   total 251616K, used 181792K [0x00000000d5550000, 0x00000000e4b08000, 0x0000000100000000)
   the space 251616K,  72% used [0x00000000d5550000, 0x00000000e06d80d0, 0x00000000e06d8200, 0x00000000e4b08000)
 Metaspace       used 1781K, capacity 4867K, committed 5120K, reserved 1056768K
  class space    used 131K, capacity 442K, committed 512K, reserved 1048576K
}
Event: 10.350 GC heap after
{Heap after GC invocations=13 (full 4):
 def new generation   total 113280K, used 12544K [0x00000000c0000000, 0x00000000c7ae0000, 0x00000000d5550000)
  eden space 100736K,   0% used [0x00000000c0000000, 0x00000000c0000000, 0x00000000c6260000)
  from space 12544K, 100% used [0x00000000c6260000, 0x00000000c6ea0000, 0x00000000c6ea0000)
  to   space 12544K,   0% used [0x00000000c6ea0000, 0x00000000c6ea0000, 0x00000000c7ae0000)
 tenured generation   total 251616K, used 217586K [0x00000000d5550000, 0x00000000e4b08000, 0x0000000100000000)
   the space 251616K,  86% used [0x00000000d5550000, 0x00000000e29ccb58, 0x00000000e29ccc00, 0x00000000e4b08000)
 Metaspace       used 1781K, capacity 4867K, committed 5120K, reserved 1056768K
  class space    used 131K, capacity 442K, committed 512K, reserved 1048576K
}
Event: 10.819 GC heap before
{Heap before GC invocations=13 (full 4):
 def new generation   total 113280K, used 113280K [0x00000000c0000000, 0x00000000c7ae0000, 0x00000000d5550000)
  eden space 100736K, 100% used [0x00000000c0000000, 0x00000000c6260000, 0x00000000c6260000)
  from space 12544K, 100% used [0x00000000c6260000, 0x00000000c6ea0000, 0x00000000c6ea0000)
  to   space 12544K,   0% used [0x00000000c6ea0000, 0x00000000c6ea0000, 0x00000000c7ae0000)
 tenured generation   total 251616K, used 217586K [0x00000000d5550000, 0x00000000e4b08000, 0x0000000100000000)
   the space 251616K,  86% used [0x00000000d5550000, 0x00000000e29ccb58, 0x00000000e29ccc00, 0x00000000e4b08000)
 Metaspace       used 1781K, capacity 4867K, committed 5120K, reserved 1056768K
  class space    used 131K, capacity 442K, committed 512K, reserved 1048576K
}

