# JRE version: OpenJDK Runtime Environment (11.0.4+11) (build 11.0.4+11-post-Ubuntu-1ubuntu218.04.3)
# Java VM: OpenJDK 64-Bit Server VM (11.0.4+11-post-Ubuntu-1ubuntu218.04.3, mixed mode, sharing, tiered, compressed oops, serial gc, linux-amd64)
Heap:
 def new generation   total 158912K, used 17462K [0x00000000c0000000, 0x00000000cac60000, 0x00000000d5550000)
  eden space 141312K,  12% used [0x00000000c0000000, 0x00000000c110dad0, 0x00000000c8a00000)
  from space 17600K,   0% used [0x00000000c8a00000, 0x00000000c8a00000, 0x00000000c9b30000)
  to   space 17600K,   0% used [0x00000000c9b30000, 0x00000000c9b30000, 0x00000000cac60000)
 tenured generation   total 360232K, used 360232K [0x00000000d5550000, 0x00000000eb51a000, 0x0000000100000000)
   the space 360232K, 100% used [0x00000000d5550000, 0x00000000eb51a000, 0x00000000eb51a000, 0x00000000eb51a000)
 Metaspace       used 1781K, capacity 4867K, committed 5120K, reserved 1056768K
  class space    used 131K, capacity 442K, committed 512K, reserved 1048576K
GC Heap History (10 events):
Event: 2.276 GC heap after
{Heap after GC invocations=12 (full 5):
 def new generation   total 88896K, used 5186K [0x00000000c0000000, 0x00000000c6070000, 0x00000000d5550000)
  eden space 79040K,   6% used [0x00000000c0000000, 0x00000000c0510990, 0x00000000c4d30000)
  from space 9856K,   0% used [0x00000000c4d30000, 0x00000000c4d30000, 0x00000000c56d0000)
  to   space 9856K,   0% used [0x00000000c56d0000, 0x00000000c56d0000, 0x00000000c6070000)
 tenured generation   total 197460K, used 118476K [0x00000000d5550000, 0x00000000e1625000, 0x0000000100000000)
   the space 197460K,  60% used [0x00000000d5550000, 0x00000000dc903000, 0x00000000dc903000, 0x00000000e1625000)
 Metaspace       used 1416K, capacity 4709K, committed 4864K, reserved 1056768K
  class space    used 110K, capacity 436K, committed 512K, reserved 1048576K
}
Event: 2.429 GC heap before
{Heap before GC invocations=12 (full 5):
 def new generation   total 88896K, used 74532K [0x00000000c0000000, 0x00000000c6070000, 0x00000000d5550000)
  eden space 79040K,  94% used [0x00000000c0000000, 0x00000000c48c9298, 0x00000000c4d30000)
  from space 9856K,   0% used [0x00000000c4d30000, 0x00000000c4d30000, 0x00000000c56d0000)
  to   space 9856K,   0% used [0x00000000c56d0000, 0x00000000c56d0000, 0x00000000c6070000)
 tenured generation   total 197460K, used 118476K [0x00000000d5550000, 0x00000000e1625000, 0x0000000100000000)
   the space 197460K,  60% used [0x00000000d5550000, 0x00000000dc903000, 0x00000000dc903000, 0x00000000e1625000)
 Metaspace       used 1416K, capacity 4709K, committed 4864K, reserved 1056768K
  class space    used 110K, capacity 436K, committed 512K, reserved 1048576K
}
Event: 2.635 GC heap after
{Heap after GC invocations=13 (full 5):
 def new generation   total 88896K, used 9855K [0x00000000c0000000, 0x00000000c6070000, 0x00000000d5550000)
  eden space 79040K,   0% used [0x00000000c0000000, 0x00000000c0000000, 0x00000000c4d30000)
  from space 9856K,  99% used [0x00000000c56d0000, 0x00000000c606fff0, 0x00000000c6070000)
  to   space 9856K,   0% used [0x00000000c4d30000, 0x00000000c4d30000, 0x00000000c56d0000)
 tenured generation   total 197460K, used 160702K [0x00000000d5550000, 0x00000000e1625000, 0x0000000100000000)
   the space 197460K,  81% used [0x00000000d5550000, 0x00000000df23fa68, 0x00000000df23fc00, 0x00000000e1625000)
 Metaspace       used 1416K, capacity 4709K, committed 4864K, reserved 1056768K
  class space    used 110K, capacity 436K, committed 512K, reserved 1048576K
}
Event: 4.029 GC heap before
{Heap before GC invocations=13 (full 5):
 def new generation   total 88896K, used 88895K [0x00000000c0000000, 0x00000000c6070000, 0x00000000d5550000)
  eden space 79040K, 100% used [0x00000000c0000000, 0x00000000c4d30000, 0x00000000c4d30000)
  from space 9856K,  99% used [0x00000000c56d0000, 0x00000000c606fff0, 0x00000000c6070000)
  to   space 9856K,   0% used [0x00000000c4d30000, 0x00000000c4d30000, 0x00000000c56d0000)
 tenured generation   total 197460K, used 160702K [0x00000000d5550000, 0x00000000e1625000, 0x0000000100000000)
   the space 197460K,  81% used [0x00000000d5550000, 0x00000000df23fa68, 0x00000000df23fc00, 0x00000000e1625000)
 Metaspace       used 1470K, capacity 4733K, committed 4864K, reserved 1056768K
  class space    used 115K, capacity 440K, committed 512K, reserved 1048576K
}
Event: 4.151 GC heap after
{Heap after GC invocations=14 (full 5):
 def new generation   total 88896K, used 9856K [0x00000000c0000000, 0x00000000c6070000, 0x00000000d5550000)
  eden space 79040K,   0% used [0x00000000c0000000, 0x00000000c0000000, 0x00000000c4d30000)
  from space 9856K, 100% used [0x00000000c4d30000, 0x00000000c56d0000, 0x00000000c56d0000)
  to   space 9856K,   0% used [0x00000000c56d0000, 0x00000000c56d0000, 0x00000000c6070000)
 tenured generation   total 197460K, used 187652K [0x00000000d5550000, 0x00000000e1625000, 0x0000000100000000)
   the space 197460K,  95% used [0x00000000d5550000, 0x00000000e0c91278, 0x00000000e0c91400, 0x00000000e1625000)
 Metaspace       used 1470K, capacity 4733K, committed 4864K, reserved 1056768K
  class space    used 115K, capacity 440K, committed 512K, reserved 1048576K
}
Event: 4.787 GC heap before
{Heap before GC invocations=14 (full 5):
 def new generation   total 88896K, used 88896K [0x00000000c0000000, 0x00000000c6070000, 0x00000000d5550000)
  eden space 79040K, 100% used [0x00000000c0000000, 0x00000000c4d30000, 0x00000000c4d30000)
  from space 9856K, 100% used [0x00000000c4d30000, 0x00000000c56d0000, 0x00000000c56d0000)
  to   space 9856K,   0% used [0x00000000c56d0000, 0x00000000c56d0000, 0x00000000c6070000)
 tenured generation   total 197460K, used 187652K [0x00000000d5550000, 0x00000000e1625000, 0x0000000100000000)
   the space 197460K,  95% used [0x00000000d5550000, 0x00000000e0c91278, 0x00000000e0c91400, 0x00000000e1625000)
 Metaspace       used 1523K, capacity 4733K, committed 4864K, reserved 1056768K
  class space    used 115K, capacity 440K, committed 512K, reserved 1048576K
}
Event: 5.737 GC heap after
{Heap after GC invocations=15 (full 6):
 def new generation   total 158912K, used 0K [0x00000000c0000000, 0x00000000cac60000, 0x00000000d5550000)
  eden space 141312K,   0% used [0x00000000c0000000, 0x00000000c0000000, 0x00000000c8a00000)
  from space 17600K,   0% used [0x00000000c8a00000, 0x00000000c8a00000, 0x00000000c9b30000)
  to   space 17600K,   0% used [0x00000000c9b30000, 0x00000000c9b30000, 0x00000000cac60000)
 tenured generation   total 352936K, used 211761K [0x00000000d5550000, 0x00000000eadfa000, 0x0000000100000000)
   the space 352936K,  59% used [0x00000000d5550000, 0x00000000e241c610, 0x00000000e241c800, 0x00000000eadfa000)
 Metaspace       used 1523K, capacity 4733K, committed 4864K, reserved 1056768K
  class space    used 115K, capacity 440K, committed 512K, reserved 1048576K
}
Event: 11.948 GC heap before
{Heap before GC invocations=15 (full 6):
 def new generation   total 158912K, used 141312K [0x00000000c0000000, 0x00000000cac60000, 0x00000000d5550000)
  eden space 141312K, 100% used [0x00000000c0000000, 0x00000000c8a00000, 0x00000000c8a00000)
  from space 17600K,   0% used [0x00000000c8a00000, 0x00000000c8a00000, 0x00000000c9b30000)
  to   space 17600K,   0% used [0x00000000c9b30000, 0x00000000c9b30000, 0x00000000cac60000)
 tenured generation   total 352936K, used 211761K [0x00000000d5550000, 0x00000000eadfa000, 0x0000000100000000)
   the space 352936K,  59% used [0x00000000d5550000, 0x00000000e241c610, 0x00000000e241c800, 0x00000000eadfa000)
 Metaspace       used 1781K, capacity 4867K, committed 5120K, reserved 1056768K
  class space    used 131K, capacity 442K, committed 512K, reserved 1048576K
}
Event: 12.303 GC heap after
{Heap after GC invocations=16 (full 6):
 def new generation   total 158912K, used 17599K [0x00000000c0000000, 0x00000000cac60000, 0x00000000d5550000)
  eden space 141312K,   0% used [0x00000000c0000000, 0x00000000c0000000, 0x00000000c8a00000)
  from space 17600K,  99% used [0x00000000c9b30000, 0x00000000cac5fff0, 0x00000000cac60000)
  to   space 17600K,   0% used [0x00000000c8a00000, 0x00000000c8a00000, 0x00000000c9b30000)
 tenured generation   total 352936K, used 274607K [0x00000000d5550000, 0x00000000eadfa000, 0x0000000100000000)
   the space 352936K,  77% used [0x00000000d5550000, 0x00000000e617bfd0, 0x00000000e617c000, 0x00000000eadfa000)
 Metaspace       used 1781K, capacity 4867K, committed 5120K, reserved 1056768K
  class space    used 131K, capacity 442K, committed 512K, reserved 1048576K
}
Event: 12.731 GC heap before
{Heap before GC invocations=16 (full 6):
 def new generation   total 158912K, used 158911K [0x00000000c0000000, 0x00000000cac60000, 0x00000000d5550000)
  eden space 141312K, 100% used [0x00000000c0000000, 0x00000000c8a00000, 0x00000000c8a00000)
  from space 17600K,  99% used [0x00000000c9b30000, 0x00000000cac5fff0, 0x00000000cac60000)
  to   space 17600K,   0% used [0x00000000c8a00000, 0x00000000c8a00000, 0x00000000c9b30000)
 tenured generation   total 352936K, used 274607K [0x00000000d5550000, 0x00000000eadfa000, 0x0000000100000000)
   the space 352936K,  77% used [0x00000000d5550000, 0x00000000e617bfd0, 0x00000000e617c000, 0x00000000eadfa000)
 Metaspace       used 1781K, capacity 4867K, committed 5120K, reserved 1056768K
  class space    used 131K, capacity 442K, committed 512K, reserved 1048576K
}

