# JRE version: OpenJDK Runtime Environment (11.0.4+11) (build 11.0.4+11-post-Ubuntu-1ubuntu218.04.3)
# Java VM: OpenJDK 64-Bit Server VM (11.0.4+11-post-Ubuntu-1ubuntu218.04.3, mixed mode, sharing, tiered, compressed oops, serial gc, linux-amd64)
Heap:
 def new generation   total 158976K, used 17599K [0x00000000c0000000, 0x00000000cac70000, 0x00000000d5550000)
  eden space 141376K,  12% used [0x00000000c0000000, 0x00000000c112fff8, 0x00000000c8a10000)
  from space 17600K,   0% used [0x00000000c8a10000, 0x00000000c8a10000, 0x00000000c9b40000)
  to   space 17600K,   0% used [0x00000000c9b40000, 0x00000000c9b40000, 0x00000000cac70000)
 tenured generation   total 354668K, used 354639K [0x00000000d5550000, 0x00000000eafab000, 0x0000000100000000)
   the space 354668K,  99% used [0x00000000d5550000, 0x00000000eafa3d50, 0x00000000eafa3e00, 0x00000000eafab000)
 Metaspace       used 1778K, capacity 4867K, committed 5120K, reserved 1056768K
  class space    used 131K, capacity 442K, committed 512K, reserved 1048576K
GC Heap History (10 events):
Event: 2.267 GC heap after
{Heap after GC invocations=12 (full 5):
 def new generation   total 87488K, used 5302K [0x00000000c0000000, 0x00000000c5ee0000, 0x00000000d5550000)
  eden space 77824K,   6% used [0x00000000c0000000, 0x00000000c052dba0, 0x00000000c4c00000)
  from space 9664K,   0% used [0x00000000c4c00000, 0x00000000c4c00000, 0x00000000c5570000)
  to   space 9664K,   0% used [0x00000000c5570000, 0x00000000c5570000, 0x00000000c5ee0000)
 tenured generation   total 194240K, used 116544K [0x00000000d5550000, 0x00000000e1300000, 0x0000000100000000)
   the space 194240K,  60% used [0x00000000d5550000, 0x00000000dc720000, 0x00000000dc720000, 0x00000000e1300000)
 Metaspace       used 1413K, capacity 4709K, committed 4864K, reserved 1056768K
  class space    used 110K, capacity 436K, committed 512K, reserved 1048576K
}
Event: 2.429 GC heap before
{Heap before GC invocations=12 (full 5):
 def new generation   total 87488K, used 72645K [0x00000000c0000000, 0x00000000c5ee0000, 0x00000000d5550000)
  eden space 77824K,  93% used [0x00000000c0000000, 0x00000000c46f1428, 0x00000000c4c00000)
  from space 9664K,   0% used [0x00000000c4c00000, 0x00000000c4c00000, 0x00000000c5570000)
  to   space 9664K,   0% used [0x00000000c5570000, 0x00000000c5570000, 0x00000000c5ee0000)
 tenured generation   total 194240K, used 116544K [0x00000000d5550000, 0x00000000e1300000, 0x0000000100000000)
   the space 194240K,  60% used [0x00000000d5550000, 0x00000000dc720000, 0x00000000dc720000, 0x00000000e1300000)
 Metaspace       used 1413K, capacity 4709K, committed 4864K, reserved 1056768K
  class space    used 110K, capacity 436K, committed 512K, reserved 1048576K
}
Event: 2.649 GC heap after
{Heap after GC invocations=13 (full 5):
 def new generation   total 87488K, used 9663K [0x00000000c0000000, 0x00000000c5ee0000, 0x00000000d5550000)
  eden space 77824K,   0% used [0x00000000c0000000, 0x00000000c0000000, 0x00000000c4c00000)
  from space 9664K,  99% used [0x00000000c5570000, 0x00000000c5edfff0, 0x00000000c5ee0000)
  to   space 9664K,   0% used [0x00000000c4c00000, 0x00000000c4c00000, 0x00000000c5570000)
 tenured generation   total 194240K, used 155262K [0x00000000d5550000, 0x00000000e1300000, 0x0000000100000000)
   the space 194240K,  79% used [0x00000000d5550000, 0x00000000decef948, 0x00000000decefa00, 0x00000000e1300000)
 Metaspace       used 1413K, capacity 4709K, committed 4864K, reserved 1056768K
  class space    used 110K, capacity 436K, committed 512K, reserved 1048576K
}
Event: 3.441 GC heap before
{Heap before GC invocations=13 (full 5):
 def new generation   total 87488K, used 87487K [0x00000000c0000000, 0x00000000c5ee0000, 0x00000000d5550000)
  eden space 77824K, 100% used [0x00000000c0000000, 0x00000000c4c00000, 0x00000000c4c00000)
  from space 9664K,  99% used [0x00000000c5570000, 0x00000000c5edfff0, 0x00000000c5ee0000)
  to   space 9664K,   0% used [0x00000000c4c00000, 0x00000000c4c00000, 0x00000000c5570000)
 tenured generation   total 194240K, used 155262K [0x00000000d5550000, 0x00000000e1300000, 0x0000000100000000)
   the space 194240K,  79% used [0x00000000d5550000, 0x00000000decef948, 0x00000000decefa00, 0x00000000e1300000)
 Metaspace       used 1468K, capacity 4733K, committed 4864K, reserved 1056768K
  class space    used 115K, capacity 440K, committed 512K, reserved 1048576K
}
Event: 3.572 GC heap after
{Heap after GC invocations=14 (full 5):
 def new generation   total 87488K, used 9663K [0x00000000c0000000, 0x00000000c5ee0000, 0x00000000d5550000)
  eden space 77824K,   0% used [0x00000000c0000000, 0x00000000c0000000, 0x00000000c4c00000)
  from space 9664K,  99% used [0x00000000c4c00000, 0x00000000c556fff8, 0x00000000c5570000)
  to   space 9664K,   0% used [0x00000000c5570000, 0x00000000c5570000, 0x00000000c5ee0000)
 tenured generation   total 194240K, used 188682K [0x00000000d5550000, 0x00000000e1300000, 0x0000000100000000)
   the space 194240K,  97% used [0x00000000d5550000, 0x00000000e0d929f8, 0x00000000e0d92a00, 0x00000000e1300000)
 Metaspace       used 1468K, capacity 4733K, committed 4864K, reserved 1056768K
  class space    used 115K, capacity 440K, committed 512K, reserved 1048576K
}
Event: 4.129 GC heap before
{Heap before GC invocations=14 (full 5):
 def new generation   total 87488K, used 87487K [0x00000000c0000000, 0x00000000c5ee0000, 0x00000000d5550000)
  eden space 77824K, 100% used [0x00000000c0000000, 0x00000000c4c00000, 0x00000000c4c00000)
  from space 9664K,  99% used [0x00000000c4c00000, 0x00000000c556fff8, 0x00000000c5570000)
  to   space 9664K,   0% used [0x00000000c5570000, 0x00000000c5570000, 0x00000000c5ee0000)
 tenured generation   total 194240K, used 188682K [0x00000000d5550000, 0x00000000e1300000, 0x0000000100000000)
   the space 194240K,  97% used [0x00000000d5550000, 0x00000000e0d929f8, 0x00000000e0d92a00, 0x00000000e1300000)
 Metaspace       used 1520K, capacity 4733K, committed 4864K, reserved 1056768K
  class space    used 115K, capacity 440K, committed 512K, reserved 1048576K
}
Event: 5.025 GC heap after
{Heap after GC invocations=15 (full 6):
 def new generation   total 158976K, used 0K [0x00000000c0000000, 0x00000000cac70000, 0x00000000d5550000)
  eden space 141376K,   0% used [0x00000000c0000000, 0x00000000c0000000, 0x00000000c8a10000)
  from space 17600K,   0% used [0x00000000c8a10000, 0x00000000c8a10000, 0x00000000c9b40000)
  to   space 17600K,   0% used [0x00000000c9b40000, 0x00000000c9b40000, 0x00000000cac70000)
 tenured generation   total 353132K, used 211878K [0x00000000d5550000, 0x00000000eae2b000, 0x0000000100000000)
   the space 353132K,  59% used [0x00000000d5550000, 0x00000000e2439a48, 0x00000000e2439c00, 0x00000000eae2b000)
 Metaspace       used 1520K, capacity 4733K, committed 4864K, reserved 1056768K
  class space    used 115K, capacity 440K, committed 512K, reserved 1048576K
}
Event: 11.266 GC heap before
{Heap before GC invocations=15 (full 6):
 def new generation   total 158976K, used 141376K [0x00000000c0000000, 0x00000000cac70000, 0x00000000d5550000)
  eden space 141376K, 100% used [0x00000000c0000000, 0x00000000c8a10000, 0x00000000c8a10000)
  from space 17600K,   0% used [0x00000000c8a10000, 0x00000000c8a10000, 0x00000000c9b40000)
  to   space 17600K,   0% used [0x00000000c9b40000, 0x00000000c9b40000, 0x00000000cac70000)
 tenured generation   total 353132K, used 211878K [0x00000000d5550000, 0x00000000eae2b000, 0x0000000100000000)
   the space 353132K,  59% used [0x00000000d5550000, 0x00000000e2439a48, 0x00000000e2439c00, 0x00000000eae2b000)
 Metaspace       used 1778K, capacity 4867K, committed 5120K, reserved 1056768K
  class space    used 131K, capacity 442K, committed 512K, reserved 1048576K
}
Event: 11.589 GC heap after
{Heap after GC invocations=16 (full 6):
 def new generation   total 158976K, used 17600K [0x00000000c0000000, 0x00000000cac70000, 0x00000000d5550000)
  eden space 141376K,   0% used [0x00000000c0000000, 0x00000000c0000000, 0x00000000c8a10000)
  from space 17600K, 100% used [0x00000000c9b40000, 0x00000000cac70000, 0x00000000cac70000)
  to   space 17600K,   0% used [0x00000000c8a10000, 0x00000000c8a10000, 0x00000000c9b40000)
 tenured generation   total 353132K, used 269682K [0x00000000d5550000, 0x00000000eae2b000, 0x0000000100000000)
   the space 353132K,  76% used [0x00000000d5550000, 0x00000000e5cac9d8, 0x00000000e5caca00, 0x00000000eae2b000)
 Metaspace       used 1778K, capacity 4867K, committed 5120K, reserved 1056768K
  class space    used 131K, capacity 442K, committed 512K, reserved 1048576K
}
Event: 11.896 GC heap before
{Heap before GC invocations=16 (full 6):
 def new generation   total 158976K, used 155846K [0x00000000c0000000, 0x00000000cac70000, 0x00000000d5550000)
  eden space 141376K,  97% used [0x00000000c0000000, 0x00000000c8701910, 0x00000000c8a10000)
  from space 17600K, 100% used [0x00000000c9b40000, 0x00000000cac70000, 0x00000000cac70000)
  to   space 17600K,   0% used [0x00000000c8a10000, 0x00000000c8a10000, 0x00000000c9b40000)
 tenured generation   total 353132K, used 269682K [0x00000000d5550000, 0x00000000eae2b000, 0x0000000100000000)
   the space 353132K,  76% used [0x00000000d5550000, 0x00000000e5cac9d8, 0x00000000e5caca00, 0x00000000eae2b000)
 Metaspace       used 1778K, capacity 4867K, committed 5120K, reserved 1056768K
  class space    used 131K, capacity 442K, committed 512K, reserved 1048576K
}

