# JRE version: OpenJDK Runtime Environment (11.0.4+11) (build 11.0.4+11-post-Ubuntu-1ubuntu218.04.3)
# Java VM: OpenJDK 64-Bit Server VM (11.0.4+11-post-Ubuntu-1ubuntu218.04.3, mixed mode, sharing, tiered, compressed oops, serial gc, linux-amd64)
Heap:
 def new generation   total 158976K, used 17599K [0x00000000c0000000, 0x00000000cac70000, 0x00000000d5550000)
  eden space 141376K,  12% used [0x00000000c0000000, 0x00000000c112fff8, 0x00000000c8a10000)
  from space 17600K,   0% used [0x00000000c8a10000, 0x00000000c8a10000, 0x00000000c9b40000)
  to   space 17600K,   0% used [0x00000000c9b40000, 0x00000000c9b40000, 0x00000000cac70000)
 tenured generation   total 360392K, used 360249K [0x00000000d5550000, 0x00000000eb542000, 0x0000000100000000)
   the space 360392K,  99% used [0x00000000d5550000, 0x00000000eb51e780, 0x00000000eb51e800, 0x00000000eb542000)
 Metaspace       used 1777K, capacity 4867K, committed 5120K, reserved 1056768K
  class space    used 131K, capacity 442K, committed 512K, reserved 1048576K
GC Heap History (10 events):
Event: 2.311 GC heap after
{Heap after GC invocations=12 (full 5):
 def new generation   total 88256K, used 5242K [0x00000000c0000000, 0x00000000c5fc0000, 0x00000000d5550000)
  eden space 78464K,   6% used [0x00000000c0000000, 0x00000000c051ea00, 0x00000000c4ca0000)
  from space 9792K,   0% used [0x00000000c4ca0000, 0x00000000c4ca0000, 0x00000000c5630000)
  to   space 9792K,   0% used [0x00000000c5630000, 0x00000000c5630000, 0x00000000c5fc0000)
 tenured generation   total 195960K, used 117575K [0x00000000d5550000, 0x00000000e14ae000, 0x0000000100000000)
   the space 195960K,  59% used [0x00000000d5550000, 0x00000000dc821ff8, 0x00000000dc822000, 0x00000000e14ae000)
 Metaspace       used 1412K, capacity 4709K, committed 4864K, reserved 1056768K
  class space    used 110K, capacity 436K, committed 512K, reserved 1048576K
}
Event: 2.466 GC heap before
{Heap before GC invocations=12 (full 5):
 def new generation   total 88256K, used 75654K [0x00000000c0000000, 0x00000000c5fc0000, 0x00000000d5550000)
  eden space 78464K,  96% used [0x00000000c0000000, 0x00000000c49e1990, 0x00000000c4ca0000)
  from space 9792K,   0% used [0x00000000c4ca0000, 0x00000000c4ca0000, 0x00000000c5630000)
  to   space 9792K,   0% used [0x00000000c5630000, 0x00000000c5630000, 0x00000000c5fc0000)
 tenured generation   total 195960K, used 117575K [0x00000000d5550000, 0x00000000e14ae000, 0x0000000100000000)
   the space 195960K,  59% used [0x00000000d5550000, 0x00000000dc821ff8, 0x00000000dc822000, 0x00000000e14ae000)
 Metaspace       used 1412K, capacity 4709K, committed 4864K, reserved 1056768K
  class space    used 110K, capacity 436K, committed 512K, reserved 1048576K
}
Event: 2.683 GC heap after
{Heap after GC invocations=13 (full 5):
 def new generation   total 88256K, used 9792K [0x00000000c0000000, 0x00000000c5fc0000, 0x00000000d5550000)
  eden space 78464K,   0% used [0x00000000c0000000, 0x00000000c0000000, 0x00000000c4ca0000)
  from space 9792K, 100% used [0x00000000c5630000, 0x00000000c5fc0000, 0x00000000c5fc0000)
  to   space 9792K,   0% used [0x00000000c4ca0000, 0x00000000c4ca0000, 0x00000000c5630000)
 tenured generation   total 195960K, used 160766K [0x00000000d5550000, 0x00000000e14ae000, 0x0000000100000000)
   the space 195960K,  82% used [0x00000000d5550000, 0x00000000df24f948, 0x00000000df24fa00, 0x00000000e14ae000)
 Metaspace       used 1412K, capacity 4709K, committed 4864K, reserved 1056768K
  class space    used 110K, capacity 436K, committed 512K, reserved 1048576K
}
Event: 4.099 GC heap before
{Heap before GC invocations=13 (full 5):
 def new generation   total 88256K, used 88256K [0x00000000c0000000, 0x00000000c5fc0000, 0x00000000d5550000)
  eden space 78464K, 100% used [0x00000000c0000000, 0x00000000c4ca0000, 0x00000000c4ca0000)
  from space 9792K, 100% used [0x00000000c5630000, 0x00000000c5fc0000, 0x00000000c5fc0000)
  to   space 9792K,   0% used [0x00000000c4ca0000, 0x00000000c4ca0000, 0x00000000c5630000)
 tenured generation   total 195960K, used 160766K [0x00000000d5550000, 0x00000000e14ae000, 0x0000000100000000)
   the space 195960K,  82% used [0x00000000d5550000, 0x00000000df24f948, 0x00000000df24fa00, 0x00000000e14ae000)
 Metaspace       used 1466K, capacity 4733K, committed 4864K, reserved 1056768K
  class space    used 115K, capacity 440K, committed 512K, reserved 1048576K
}
Event: 4.231 GC heap after
{Heap after GC invocations=14 (full 5):
 def new generation   total 88256K, used 9792K [0x00000000c0000000, 0x00000000c5fc0000, 0x00000000d5550000)
  eden space 78464K,   0% used [0x00000000c0000000, 0x00000000c0000000, 0x00000000c4ca0000)
  from space 9792K, 100% used [0x00000000c4ca0000, 0x00000000c5630000, 0x00000000c5630000)
  to   space 9792K,   0% used [0x00000000c5630000, 0x00000000c5630000, 0x00000000c5fc0000)
 tenured generation   total 195960K, used 187801K [0x00000000d5550000, 0x00000000e14ae000, 0x0000000100000000)
   the space 195960K,  95% used [0x00000000d5550000, 0x00000000e0cb64f8, 0x00000000e0cb6600, 0x00000000e14ae000)
 Metaspace       used 1466K, capacity 4733K, committed 4864K, reserved 1056768K
  class space    used 115K, capacity 440K, committed 512K, reserved 1048576K
}
Event: 4.941 GC heap before
{Heap before GC invocations=14 (full 5):
 def new generation   total 88256K, used 88256K [0x00000000c0000000, 0x00000000c5fc0000, 0x00000000d5550000)
  eden space 78464K, 100% used [0x00000000c0000000, 0x00000000c4ca0000, 0x00000000c4ca0000)
  from space 9792K, 100% used [0x00000000c4ca0000, 0x00000000c5630000, 0x00000000c5630000)
  to   space 9792K,   0% used [0x00000000c5630000, 0x00000000c5630000, 0x00000000c5fc0000)
 tenured generation   total 195960K, used 187801K [0x00000000d5550000, 0x00000000e14ae000, 0x0000000100000000)
   the space 195960K,  95% used [0x00000000d5550000, 0x00000000e0cb64f8, 0x00000000e0cb6600, 0x00000000e14ae000)
 Metaspace       used 1519K, capacity 4733K, committed 4864K, reserved 1056768K
  class space    used 115K, capacity 440K, committed 512K, reserved 1048576K
}
Event: 5.851 GC heap after
{Heap after GC invocations=15 (full 6):
 def new generation   total 158976K, used 0K [0x00000000c0000000, 0x00000000cac70000, 0x00000000d5550000)
  eden space 141376K,   0% used [0x00000000c0000000, 0x00000000c0000000, 0x00000000c8a10000)
  from space 17600K,   0% used [0x00000000c8a10000, 0x00000000c8a10000, 0x00000000c9b40000)
  to   space 17600K,   0% used [0x00000000c9b40000, 0x00000000c9b40000, 0x00000000cac70000)
 tenured generation   total 353096K, used 211856K [0x00000000d5550000, 0x00000000eae22000, 0x0000000100000000)
   the space 353096K,  59% used [0x00000000d5550000, 0x00000000e2434388, 0x00000000e2434400, 0x00000000eae22000)
 Metaspace       used 1519K, capacity 4733K, committed 4864K, reserved 1056768K
  class space    used 115K, capacity 440K, committed 512K, reserved 1048576K
}
Event: 12.069 GC heap before
{Heap before GC invocations=15 (full 6):
 def new generation   total 158976K, used 141376K [0x00000000c0000000, 0x00000000cac70000, 0x00000000d5550000)
  eden space 141376K, 100% used [0x00000000c0000000, 0x00000000c8a10000, 0x00000000c8a10000)
  from space 17600K,   0% used [0x00000000c8a10000, 0x00000000c8a10000, 0x00000000c9b40000)
  to   space 17600K,   0% used [0x00000000c9b40000, 0x00000000c9b40000, 0x00000000cac70000)
 tenured generation   total 353096K, used 211856K [0x00000000d5550000, 0x00000000eae22000, 0x0000000100000000)
   the space 353096K,  59% used [0x00000000d5550000, 0x00000000e2434388, 0x00000000e2434400, 0x00000000eae22000)
 Metaspace       used 1777K, capacity 4867K, committed 5120K, reserved 1056768K
  class space    used 131K, capacity 442K, committed 512K, reserved 1048576K
}
Event: 12.399 GC heap after
{Heap after GC invocations=16 (full 6):
 def new generation   total 158976K, used 17599K [0x00000000c0000000, 0x00000000cac70000, 0x00000000d5550000)
  eden space 141376K,   0% used [0x00000000c0000000, 0x00000000c0000000, 0x00000000c8a10000)
  from space 17600K,  99% used [0x00000000c9b40000, 0x00000000cac6fff0, 0x00000000cac70000)
  to   space 17600K,   0% used [0x00000000c8a10000, 0x00000000c8a10000, 0x00000000c9b40000)
 tenured generation   total 353096K, used 274019K [0x00000000d5550000, 0x00000000eae22000, 0x0000000100000000)
   the space 353096K,  77% used [0x00000000d5550000, 0x00000000e60e8d40, 0x00000000e60e8e00, 0x00000000eae22000)
 Metaspace       used 1777K, capacity 4867K, committed 5120K, reserved 1056768K
  class space    used 131K, capacity 442K, committed 512K, reserved 1048576K
}
Event: 12.837 GC heap before
{Heap before GC invocations=16 (full 6):
 def new generation   total 158976K, used 153855K [0x00000000c0000000, 0x00000000cac70000, 0x00000000d5550000)
  eden space 141376K,  96% used [0x00000000c0000000, 0x00000000c850fff0, 0x00000000c8a10000)
  from space 17600K,  99% used [0x00000000c9b40000, 0x00000000cac6fff0, 0x00000000cac70000)
  to   space 17600K,   0% used [0x00000000c8a10000, 0x00000000c8a10000, 0x00000000c9b40000)
 tenured generation   total 353096K, used 274019K [0x00000000d5550000, 0x00000000eae22000, 0x0000000100000000)
   the space 353096K,  77% used [0x00000000d5550000, 0x00000000e60e8d40, 0x00000000e60e8e00, 0x00000000eae22000)
 Metaspace       used 1777K, capacity 4867K, committed 5120K, reserved 1056768K
  class space    used 131K, capacity 442K, committed 512K, reserved 1048576K
}

