# JRE version: OpenJDK Runtime Environment (11.0.4+11) (build 11.0.4+11-post-Ubuntu-1ubuntu218.04.3)
# Java VM: OpenJDK 64-Bit Server VM (11.0.4+11-post-Ubuntu-1ubuntu218.04.3, mixed mode, sharing, tiered, compressed oops, serial gc, linux-amd64)
Heap:
 def new generation   total 137088K, used 15231K [0x00000000c0000000, 0x00000000c94c0000, 0x00000000d5550000)
  eden space 121856K,  12% used [0x00000000c0000000, 0x00000000c0edfd20, 0x00000000c7700000)
  from space 15232K,   0% used [0x00000000c85e0000, 0x00000000c85e0000, 0x00000000c94c0000)
  to   space 15232K,   0% used [0x00000000c7700000, 0x00000000c7700000, 0x00000000c85e0000)
 tenured generation   total 351376K, used 351344K [0x00000000d5550000, 0x00000000eac74000, 0x0000000100000000)
   the space 351376K,  99% used [0x00000000d5550000, 0x00000000eac6c118, 0x00000000eac6c200, 0x00000000eac74000)
 Metaspace       used 1782K, capacity 4867K, committed 5120K, reserved 1056768K
  class space    used 131K, capacity 442K, committed 512K, reserved 1048576K
GC Heap History (10 events):
Event: 2.152 GC heap after
{Heap after GC invocations=12 (full 5):
 def new generation   total 84800K, used 5024K [0x00000000c0000000, 0x00000000c5c00000, 0x00000000d5550000)
  eden space 75392K,   6% used [0x00000000c0000000, 0x00000000c04e81d8, 0x00000000c49a0000)
  from space 9408K,   0% used [0x00000000c49a0000, 0x00000000c49a0000, 0x00000000c52d0000)
  to   space 9408K,   0% used [0x00000000c52d0000, 0x00000000c52d0000, 0x00000000c5c00000)
 tenured generation   total 188308K, used 112984K [0x00000000d5550000, 0x00000000e0d35000, 0x0000000100000000)
   the space 188308K,  59% used [0x00000000d5550000, 0x00000000dc3a6000, 0x00000000dc3a6000, 0x00000000e0d35000)
 Metaspace       used 1417K, capacity 4709K, committed 4864K, reserved 1056768K
  class space    used 110K, capacity 436K, committed 512K, reserved 1048576K
}
Event: 2.325 GC heap before
{Heap before GC invocations=12 (full 5):
 def new generation   total 84800K, used 75392K [0x00000000c0000000, 0x00000000c5c00000, 0x00000000d5550000)
  eden space 75392K, 100% used [0x00000000c0000000, 0x00000000c49a0000, 0x00000000c49a0000)
  from space 9408K,   0% used [0x00000000c49a0000, 0x00000000c49a0000, 0x00000000c52d0000)
  to   space 9408K,   0% used [0x00000000c52d0000, 0x00000000c52d0000, 0x00000000c5c00000)
 tenured generation   total 188308K, used 112984K [0x00000000d5550000, 0x00000000e0d35000, 0x0000000100000000)
   the space 188308K,  59% used [0x00000000d5550000, 0x00000000dc3a6000, 0x00000000dc3a6000, 0x00000000e0d35000)
 Metaspace       used 1417K, capacity 4709K, committed 4864K, reserved 1056768K
  class space    used 110K, capacity 436K, committed 512K, reserved 1048576K
}
Event: 2.525 GC heap after
{Heap after GC invocations=13 (full 5):
 def new generation   total 84800K, used 9408K [0x00000000c0000000, 0x00000000c5c00000, 0x00000000d5550000)
  eden space 75392K,   0% used [0x00000000c0000000, 0x00000000c0000000, 0x00000000c49a0000)
  from space 9408K, 100% used [0x00000000c52d0000, 0x00000000c5c00000, 0x00000000c5c00000)
  to   space 9408K,   0% used [0x00000000c49a0000, 0x00000000c49a0000, 0x00000000c52d0000)
 tenured generation   total 188308K, used 152501K [0x00000000d5550000, 0x00000000e0d35000, 0x0000000100000000)
   the space 188308K,  80% used [0x00000000d5550000, 0x00000000dea3d618, 0x00000000dea3d800, 0x00000000e0d35000)
 Metaspace       used 1417K, capacity 4709K, committed 4864K, reserved 1056768K
  class space    used 110K, capacity 436K, committed 512K, reserved 1048576K
}
Event: 3.388 GC heap before
{Heap before GC invocations=13 (full 5):
 def new generation   total 84800K, used 84800K [0x00000000c0000000, 0x00000000c5c00000, 0x00000000d5550000)
  eden space 75392K, 100% used [0x00000000c0000000, 0x00000000c49a0000, 0x00000000c49a0000)
  from space 9408K, 100% used [0x00000000c52d0000, 0x00000000c5c00000, 0x00000000c5c00000)
  to   space 9408K,   0% used [0x00000000c49a0000, 0x00000000c49a0000, 0x00000000c52d0000)
 tenured generation   total 188308K, used 152501K [0x00000000d5550000, 0x00000000e0d35000, 0x0000000100000000)
   the space 188308K,  80% used [0x00000000d5550000, 0x00000000dea3d618, 0x00000000dea3d800, 0x00000000e0d35000)
 Metaspace       used 1471K, capacity 4733K, committed 4864K, reserved 1056768K
  class space    used 115K, capacity 440K, committed 512K, reserved 1048576K
}
Event: 4.086 GC heap after
{Heap after GC invocations=14 (full 6):
 def new generation   total 137088K, used 0K [0x00000000c0000000, 0x00000000c94c0000, 0x00000000d5550000)
  eden space 121856K,   0% used [0x00000000c0000000, 0x00000000c0000000, 0x00000000c7700000)
  from space 15232K,   0% used [0x00000000c7700000, 0x00000000c7700000, 0x00000000c85e0000)
  to   space 15232K,   0% used [0x00000000c85e0000, 0x00000000c85e0000, 0x00000000c94c0000)
 tenured generation   total 304528K, used 182716K [0x00000000d5550000, 0x00000000e7eb4000, 0x0000000100000000)
   the space 304528K,  59% used [0x00000000d5550000, 0x00000000e07bf238, 0x00000000e07bf400, 0x00000000e7eb4000)
 Metaspace       used 1471K, capacity 4733K, committed 4864K, reserved 1056768K
  class space    used 115K, capacity 440K, committed 512K, reserved 1048576K
}
Event: 10.763 GC heap before
{Heap before GC invocations=14 (full 6):
 def new generation   total 137088K, used 121856K [0x00000000c0000000, 0x00000000c94c0000, 0x00000000d5550000)
  eden space 121856K, 100% used [0x00000000c0000000, 0x00000000c7700000, 0x00000000c7700000)
  from space 15232K,   0% used [0x00000000c7700000, 0x00000000c7700000, 0x00000000c85e0000)
  to   space 15232K,   0% used [0x00000000c85e0000, 0x00000000c85e0000, 0x00000000c94c0000)
 tenured generation   total 304528K, used 182716K [0x00000000d5550000, 0x00000000e7eb4000, 0x0000000100000000)
   the space 304528K,  59% used [0x00000000d5550000, 0x00000000e07bf238, 0x00000000e07bf400, 0x00000000e7eb4000)
 Metaspace       used 1782K, capacity 4867K, committed 5120K, reserved 1056768K
  class space    used 131K, capacity 442K, committed 512K, reserved 1048576K
}
Event: 11.047 GC heap after
{Heap after GC invocations=15 (full 6):
 def new generation   total 137088K, used 15232K [0x00000000c0000000, 0x00000000c94c0000, 0x00000000d5550000)
  eden space 121856K,   0% used [0x00000000c0000000, 0x00000000c0000000, 0x00000000c7700000)
  from space 15232K, 100% used [0x00000000c85e0000, 0x00000000c94c0000, 0x00000000c94c0000)
  to   space 15232K,   0% used [0x00000000c7700000, 0x00000000c7700000, 0x00000000c85e0000)
 tenured generation   total 304528K, used 207850K [0x00000000d5550000, 0x00000000e7eb4000, 0x0000000100000000)
   the space 304528K,  68% used [0x00000000d5550000, 0x00000000e204a8b0, 0x00000000e204aa00, 0x00000000e7eb4000)
 Metaspace       used 1782K, capacity 4867K, committed 5120K, reserved 1056768K
  class space    used 131K, capacity 442K, committed 512K, reserved 1048576K
}
Event: 11.488 GC heap before
{Heap before GC invocations=15 (full 6):
 def new generation   total 137088K, used 134636K [0x00000000c0000000, 0x00000000c94c0000, 0x00000000d5550000)
  eden space 121856K,  97% used [0x00000000c0000000, 0x00000000c749b060, 0x00000000c7700000)
  from space 15232K, 100% used [0x00000000c85e0000, 0x00000000c94c0000, 0x00000000c94c0000)
  to   space 15232K,   0% used [0x00000000c7700000, 0x00000000c7700000, 0x00000000c85e0000)
 tenured generation   total 304528K, used 207850K [0x00000000d5550000, 0x00000000e7eb4000, 0x0000000100000000)
   the space 304528K,  68% used [0x00000000d5550000, 0x00000000e204a8b0, 0x00000000e204aa00, 0x00000000e7eb4000)
 Metaspace       used 1782K, capacity 4867K, committed 5120K, reserved 1056768K
  class space    used 131K, capacity 442K, committed 512K, reserved 1048576K
}
Event: 11.760 GC heap after
{Heap after GC invocations=16 (full 6):
 def new generation   total 137088K, used 15232K [0x00000000c0000000, 0x00000000c94c0000, 0x00000000d5550000)
  eden space 121856K,   0% used [0x00000000c0000000, 0x00000000c0000000, 0x00000000c7700000)
  from space 15232K, 100% used [0x00000000c7700000, 0x00000000c85e0000, 0x00000000c85e0000)
  to   space 15232K,   0% used [0x00000000c85e0000, 0x00000000c85e0000, 0x00000000c94c0000)
 tenured generation   total 304528K, used 278875K [0x00000000d5550000, 0x00000000e7eb4000, 0x0000000100000000)
   the space 304528K,  91% used [0x00000000d5550000, 0x00000000e65a6fa8, 0x00000000e65a7000, 0x00000000e7eb4000)
 Metaspace       used 1782K, capacity 4867K, committed 5120K, reserved 1056768K
  class space    used 131K, capacity 442K, committed 512K, reserved 1048576K
}
Event: 12.019 GC heap before
{Heap before GC invocations=16 (full 6):
 def new generation   total 137088K, used 137088K [0x00000000c0000000, 0x00000000c94c0000, 0x00000000d5550000)
  eden space 121856K, 100% used [0x00000000c0000000, 0x00000000c7700000, 0x00000000c7700000)
  from space 15232K, 100% used [0x00000000c7700000, 0x00000000c85e0000, 0x00000000c85e0000)
  to   space 15232K,   0% used [0x00000000c85e0000, 0x00000000c85e0000, 0x00000000c94c0000)
 tenured generation   total 304528K, used 278875K [0x00000000d5550000, 0x00000000e7eb4000, 0x0000000100000000)
   the space 304528K,  91% used [0x00000000d5550000, 0x00000000e65a6fa8, 0x00000000e65a7000, 0x00000000e7eb4000)
 Metaspace       used 1782K, capacity 4867K, committed 5120K, reserved 1056768K
  class space    used 131K, capacity 442K, committed 512K, reserved 1048576K
}

